0 info it worked if it ends with ok
1 verbose cli [ '/usr/bin/nodejs', '/usr/bin/npm', 'install' ]
2 info using npm@3.5.2
3 info using node@v4.2.6
4 verbose config Skipping project config: /home/devil/.npmrc. (matches userconfig)
5 silly loadCurrentTree Starting
6 silly install loadCurrentTree
7 silly install readLocalPackageData
8 silly install normalizeTree
9 silly loadCurrentTree Finishing
10 silly loadIdealTree Starting
11 silly install loadIdealTree
12 silly cloneCurrentTree Starting
13 silly install cloneCurrentTreeToIdealTree
14 silly cloneCurrentTree Finishing
15 silly loadShrinkwrap Starting
16 silly install loadShrinkwrap
17 silly loadShrinkwrap Finishing
18 silly loadAllDepsIntoIdealTree Starting
19 silly install loadAllDepsIntoIdealTree
20 silly loadAllDepsIntoIdealTree Finishing
21 silly idealTree:prePrune devil
22 silly loadIdealTree Finishing
23 silly currentTree devil
24 silly idealTree devil
25 silly generateActionsToTake Starting
26 silly install generateActionsToTake
27 silly generateActionsToTake Finishing
28 silly diffTrees action count 0
29 silly decomposeActions action count 0
30 silly executeActions Starting
31 silly install executeActions
32 silly doSerial global-install 0
33 silly doParallel fetch 0
34 verbose lock using /home/devil/.npm/_locks/staging-7dd54e6cb5d15890.lock for /home/devil/node_modules/.staging
35 verbose unlock done using /home/devil/.npm/_locks/staging-7dd54e6cb5d15890.lock for /home/devil/node_modules/.staging
36 silly rollbackFailedOptional Starting
37 silly rollbackFailedOptional Finishing
38 silly runTopLevelLifecycles Starting
39 silly runTopLevelLifecycles Finishing
40 silly install printInstalled
41 warn enoent ENOENT: no such file or directory, open '/home/devil/package.json'
42 warn devil No description
43 warn devil No repository field.
44 warn devil No README data
45 warn devil No license field.
46 verbose stack Error: EACCES: permission denied, mkdir '/home/devil/node_modules/.staging'
46 verbose stack     at Error (native)
47 verbose cwd /home/devil/prabhat04011998.github.io
48 error Linux 4.10.0-35-generic
49 error argv "/usr/bin/nodejs" "/usr/bin/npm" "install"
50 error node v4.2.6
51 error npm  v3.5.2
52 error path /home/devil/node_modules/.staging
53 error code EACCES
54 error errno -13
55 error syscall mkdir
56 error Error: EACCES: permission denied, mkdir '/home/devil/node_modules/.staging'
56 error     at Error (native)
56 error  { [Error: EACCES: permission denied, mkdir '/home/devil/node_modules/.staging']
56 error   errno: -13,
56 error   code: 'EACCES',
56 error   syscall: 'mkdir',
56 error   path: '/home/devil/node_modules/.staging' }
57 error Please try running this command again as root/Administrator.
58 verbose exit [ -13, true ]
